# JRE version: Java(TM) SE Runtime Environment (8.0_171-b11) (build 1.8.0_171-b11)
# Java VM: Java HotSpot(TM) 64-Bit Server VM (25.171-b11 mixed mode windows-amd64 compressed oops)
Heap:
 PSYoungGen      total 433664K, used 379198K [0x000000076b800000, 0x0000000789b00000, 0x00000007c0000000)
  eden space 388096K, 85% used [0x000000076b800000,0x000000077fdd4fc8,0x0000000783300000)
  from space 45568K, 99% used [0x0000000786e80000,0x0000000789afa9b0,0x0000000789b00000)
  to   space 53248K, 0% used [0x0000000783300000,0x0000000783300000,0x0000000786700000)
 ParOldGen       total 177664K, used 90442K [0x00000006c2800000, 0x00000006cd580000, 0x000000076b800000)
  object space 177664K, 50% used [0x00000006c2800000,0x00000006c8052bb8,0x00000006cd580000)
 Metaspace       used 44468K, capacity 46428K, committed 46760K, reserved 1089536K
  class space    used 5240K, capacity 5763K, committed 5808K, reserved 1048576K
GC Heap History (10 events):
Event: 7.283 GC heap before
{Heap before GC invocations=14 (full 2):
 PSYoungGen      total 360448K, used 307712K [0x000000076b800000, 0x000000078a300000, 0x00000007c0000000)
  eden space 307712K, 100% used [0x000000076b800000,0x000000077e480000,0x000000077e480000)
  from space 52736K, 0% used [0x000000077e480000,0x000000077e480000,0x0000000781800000)
  to   space 53760K, 0% used [0x0000000786e80000,0x0000000786e80000,0x000000078a300000)
 ParOldGen       total 177664K, used 88184K [0x00000006c2800000, 0x00000006cd580000, 0x000000076b800000)
  object space 177664K, 49% used [0x00000006c2800000,0x00000006c7e1e208,0x00000006cd580000)
 Metaspace       used 33051K, capacity 34192K, committed 35496K, reserved 1081344K
  class space    used 3802K, capacity 4161K, committed 4528K, reserved 1048576K
Event: 7.295 GC heap after
Heap after GC invocations=14 (full 2):
 PSYoungGen      total 433664K, used 19718K [0x000000076b800000, 0x0000000789b00000, 0x00000007c0000000)
  eden space 388096K, 0% used [0x000000076b800000,0x000000076b800000,0x0000000783300000)
  from space 45568K, 43% used [0x0000000786e80000,0x00000007881c1bd8,0x0000000789b00000)
  to   space 53248K, 0% used [0x0000000783300000,0x0000000783300000,0x0000000786700000)
 ParOldGen       total 177664K, used 88192K [0x00000006c2800000, 0x00000006cd580000, 0x000000076b800000)
  object space 177664K, 49% used [0x00000006c2800000,0x00000006c7e20208,0x00000006cd580000)
 Metaspace       used 33051K, capacity 34192K, committed 35496K, reserved 1081344K
  class space    used 3802K, capacity 4161K, committed 4528K, reserved 1048576K
}
Event: 8.335 GC heap before
{Heap before GC invocations=15 (full 2):
 PSYoungGen      total 433664K, used 407814K [0x000000076b800000, 0x0000000789b00000, 0x00000007c0000000)
  eden space 388096K, 100% used [0x000000076b800000,0x0000000783300000,0x0000000783300000)
  from space 45568K, 43% used [0x0000000786e80000,0x00000007881c1bd8,0x0000000789b00000)
  to   space 53248K, 0% used [0x0000000783300000,0x0000000783300000,0x0000000786700000)
 ParOldGen       total 177664K, used 88192K [0x00000006c2800000, 0x00000006cd580000, 0x000000076b800000)
  object space 177664K, 49% used [0x00000006c2800000,0x00000006c7e20208,0x00000006cd580000)
 Metaspace       used 36303K, capacity 37764K, committed 38056K, reserved 1083392K
  class space    used 4227K, capacity 4657K, committed 4784K, reserved 1048576K
Event: 8.357 GC heap after
Heap after GC invocations=15 (full 2):
 PSYoungGen      total 441344K, used 37163K [0x000000076b800000, 0x0000000789b00000, 0x00000007c0000000)
  eden space 388096K, 0% used [0x000000076b800000,0x000000076b800000,0x0000000783300000)
  from space 53248K, 69% used [0x0000000783300000,0x000000078574ac58,0x0000000786700000)
  to   space 45568K, 0% used [0x0000000786e80000,0x0000000786e80000,0x0000000789b00000)
 ParOldGen       total 177664K, used 88200K [0x00000006c2800000, 0x00000006cd580000, 0x000000076b800000)
  object space 177664K, 49% used [0x00000006c2800000,0x00000006c7e22208,0x00000006cd580000)
 Metaspace       used 36303K, capacity 37764K, committed 38056K, reserved 1083392K
  class space    used 4227K, capacity 4657K, committed 4784K, reserved 1048576K
}
Event: 9.484 GC heap before
{Heap before GC invocations=16 (full 2):
 PSYoungGen      total 441344K, used 425259K [0x000000076b800000, 0x0000000789b00000, 0x00000007c0000000)
  eden space 388096K, 100% used [0x000000076b800000,0x0000000783300000,0x0000000783300000)
  from space 53248K, 69% used [0x0000000783300000,0x000000078574ac58,0x0000000786700000)
  to   space 45568K, 0% used [0x0000000786e80000,0x0000000786e80000,0x0000000789b00000)
 ParOldGen       total 177664K, used 88200K [0x00000006c2800000, 0x00000006cd580000, 0x000000076b800000)
  object space 177664K, 49% used [0x00000006c2800000,0x00000006c7e22208,0x00000006cd580000)
 Metaspace       used 37737K, capacity 39204K, committed 39464K, reserved 1083392K
  class space    used 4399K, capacity 4833K, committed 4912K, reserved 1048576K
Event: 9.508 GC heap after
Heap after GC invocations=16 (full 2):
 PSYoungGen      total 433664K, used 44411K [0x000000076b800000, 0x0000000789b00000, 0x00000007c0000000)
  eden space 388096K, 0% used [0x000000076b800000,0x000000076b800000,0x0000000783300000)
  from space 45568K, 97% used [0x0000000786e80000,0x00000007899ded30,0x0000000789b00000)
  to   space 53248K, 0% used [0x0000000783300000,0x0000000783300000,0x0000000786700000)
 ParOldGen       total 177664K, used 88208K [0x00000006c2800000, 0x00000006cd580000, 0x000000076b800000)
  object space 177664K, 49% used [0x00000006c2800000,0x00000006c7e24208,0x00000006cd580000)
 Metaspace       used 37737K, capacity 39204K, committed 39464K, reserved 1083392K
  class space    used 4399K, capacity 4833K, committed 4912K, reserved 1048576K
}
Event: 10.874 GC heap before
{Heap before GC invocations=17 (full 2):
 PSYoungGen      total 433664K, used 432507K [0x000000076b800000, 0x0000000789b00000, 0x00000007c0000000)
  eden space 388096K, 100% used [0x000000076b800000,0x0000000783300000,0x0000000783300000)
  from space 45568K, 97% used [0x0000000786e80000,0x00000007899ded30,0x0000000789b00000)
  to   space 53248K, 0% used [0x0000000783300000,0x0000000783300000,0x0000000786700000)
 ParOldGen       total 177664K, used 88208K [0x00000006c2800000, 0x00000006cd580000, 0x000000076b800000)
  object space 177664K, 49% used [0x00000006c2800000,0x00000006c7e24208,0x00000006cd580000)
 Metaspace       used 40137K, capacity 41848K, committed 42152K, reserved 1085440K
  class space    used 4703K, capacity 5179K, committed 5296K, reserved 1048576K
Event: 10.901 GC heap after
Heap after GC invocations=17 (full 2):
 PSYoungGen      total 441344K, used 52526K [0x000000076b800000, 0x0000000789b00000, 0x00000007c0000000)
  eden space 388096K, 0% used [0x000000076b800000,0x000000076b800000,0x0000000783300000)
  from space 53248K, 98% used [0x0000000783300000,0x000000078664bb98,0x0000000786700000)
  to   space 45568K, 0% used [0x0000000786e80000,0x0000000786e80000,0x0000000789b00000)
 ParOldGen       total 177664K, used 88216K [0x00000006c2800000, 0x00000006cd580000, 0x000000076b800000)
  object space 177664K, 49% used [0x00000006c2800000,0x00000006c7e26208,0x00000006cd580000)
 Metaspace       used 40137K, capacity 41848K, committed 42152K, reserved 1085440K
  class space    used 4703K, capacity 5179K, committed 5296K, reserved 1048576K
}
Event: 12.012 GC heap before
{Heap before GC invocations=18 (full 2):
 PSYoungGen      total 441344K, used 440622K [0x000000076b800000, 0x0000000789b00000, 0x00000007c0000000)
  eden space 388096K, 100% used [0x000000076b800000,0x0000000783300000,0x0000000783300000)
  from space 53248K, 98% used [0x0000000783300000,0x000000078664bb98,0x0000000786700000)
  to   space 45568K, 0% used [0x0000000786e80000,0x0000000786e80000,0x0000000789b00000)
 ParOldGen       total 177664K, used 88216K [0x00000006c2800000, 0x00000006cd580000, 0x000000076b800000)
  object space 177664K, 49% used [0x00000006c2800000,0x00000006c7e26208,0x00000006cd580000)
 Metaspace       used 41606K, capacity 43342K, committed 43560K, reserved 1087488K
  class space    used 4873K, capacity 5354K, committed 5424K, reserved 1048576K
Event: 12.034 GC heap after
Heap after GC invocations=18 (full 2):
 PSYoungGen      total 433664K, used 45546K [0x000000076b800000, 0x0000000789b00000, 0x00000007c0000000)
  eden space 388096K, 0% used [0x000000076b800000,0x000000076b800000,0x0000000783300000)
  from space 45568K, 99% used [0x0000000786e80000,0x0000000789afa9b0,0x0000000789b00000)
  to   space 53248K, 0% used [0x0000000783300000,0x0000000783300000,0x0000000786700000)
 ParOldGen       total 177664K, used 90442K [0x00000006c2800000, 0x00000006cd580000, 0x000000076b800000)
  object space 177664K, 50% used [0x00000006c2800000,0x00000006c8052bb8,0x00000006cd580000)
 Metaspace       used 41606K, capacity 43342K, committed 43560K, reserved 1087488K
  class space    used 4873K, capacity 5354K, committed 5424K, reserved 1048576K
}

